<?xml version="1.0" encoding="UTF-8"?>
<coverage generated="1406155997">
  <project timestamp="1406155997">
    <package name="StaticReview\Collection">
      <file name="/Users/Samuel/Repositories/Personal/StaticReview/src/Collection/Collection.php">
        <class name="Collection" namespace="StaticReview\Collection">
          <metrics methods="9" coveredmethods="8" conditionals="0" coveredconditionals="0" statements="15" coveredstatements="14" elements="24" coveredelements="22"/>
        </class>
        <line num="25" type="method" name="__construct" crap="2" count="25"/>
        <line num="27" type="stmt" count="25"/>
        <line num="28" type="stmt" count="5"/>
        <line num="29" type="stmt" count="25"/>
        <line num="30" type="stmt" count="25"/>
        <line num="35" type="method" name="count" crap="1" count="17"/>
        <line num="37" type="stmt" count="17"/>
        <line num="43" type="method" name="current" crap="1" count="6"/>
        <line num="45" type="stmt" count="6"/>
        <line num="51" type="method" name="key" crap="1" count="1"/>
        <line num="53" type="stmt" count="1"/>
        <line num="59" type="method" name="next" crap="1" count="3"/>
        <line num="61" type="stmt" count="3"/>
        <line num="67" type="method" name="rewind" crap="1" count="3"/>
        <line num="69" type="stmt" count="3"/>
        <line num="71" type="stmt" count="3"/>
        <line num="77" type="method" name="valid" crap="1" count="3"/>
        <line num="79" type="stmt" count="3"/>
        <line num="85" type="method" name="__toString" crap="2" count="0"/>
        <line num="87" type="stmt" count="0"/>
        <line num="93" type="method" name="append" crap="1" count="16"/>
        <line num="95" type="stmt" count="16"/>
        <line num="97" type="stmt" count="16"/>
        <line num="99" type="stmt" count="16"/>
        <metrics loc="113" ncloc="68" classes="1" methods="9" coveredmethods="8" conditionals="0" coveredconditionals="0" statements="15" coveredstatements="14" elements="24" coveredelements="22"/>
      </file>
      <file name="/Users/Samuel/Repositories/Personal/StaticReview/src/Collection/FileCollection.php">
        <class name="FileCollection" namespace="StaticReview\Collection">
          <metrics methods="2" coveredmethods="1" conditionals="0" coveredconditionals="0" statements="8" coveredstatements="7" elements="10" coveredelements="8"/>
        </class>
        <line num="27" type="method" name="validate" crap="2" count="5"/>
        <line num="29" type="stmt" count="5"/>
        <line num="30" type="stmt" count="4"/>
        <line num="33" type="stmt" count="1"/>
        <line num="35" type="stmt" count="1"/>
        <line num="43" type="method" name="select" crap="2.06" count="2"/>
        <line num="45" type="stmt" count="2"/>
        <line num="46" type="stmt" count="0"/>
        <line num="49" type="stmt" count="2"/>
        <line num="51" type="stmt" count="2"/>
        <metrics loc="53" ncloc="31" classes="1" methods="2" coveredmethods="1" conditionals="0" coveredconditionals="0" statements="8" coveredstatements="7" elements="10" coveredelements="8"/>
      </file>
      <file name="/Users/Samuel/Repositories/Personal/StaticReview/src/Collection/IssueCollection.php">
        <class name="IssueCollection" namespace="StaticReview\Collection">
          <metrics methods="3" coveredmethods="1" conditionals="0" coveredconditionals="0" statements="11" coveredstatements="6" elements="14" coveredelements="7"/>
        </class>
        <line num="27" type="method" name="validate" crap="2" count="10"/>
        <line num="29" type="stmt" count="10"/>
        <line num="30" type="stmt" count="9"/>
        <line num="33" type="stmt" count="1"/>
        <line num="41" type="method" name="select" crap="2.06" count="2"/>
        <line num="43" type="stmt" count="2"/>
        <line num="44" type="stmt" count="0"/>
        <line num="47" type="stmt" count="2"/>
        <line num="49" type="stmt" count="2"/>
        <line num="61" type="method" name="anonymous function" crap="6" count="0"/>
        <line num="63" type="stmt" count="0"/>
        <line num="64" type="stmt" count="0"/>
        <line num="67" type="stmt" count="0"/>
        <line num="68" type="stmt" count="0"/>
        <line num="70" type="stmt" count="0"/>
        <metrics loc="72" ncloc="42" classes="1" methods="3" coveredmethods="1" conditionals="0" coveredconditionals="0" statements="12" coveredstatements="6" elements="15" coveredelements="7"/>
      </file>
      <file name="/Users/Samuel/Repositories/Personal/StaticReview/src/Collection/ReviewCollection.php">
        <class name="ReviewCollection" namespace="StaticReview\Collection">
          <metrics methods="3" coveredmethods="1" conditionals="0" coveredconditionals="0" statements="11" coveredstatements="9" elements="14" coveredelements="10"/>
        </class>
        <line num="28" type="method" name="validate" crap="2" count="8"/>
        <line num="30" type="stmt" count="8"/>
        <line num="31" type="stmt" count="7"/>
        <line num="34" type="stmt" count="1"/>
        <line num="42" type="method" name="select" crap="2.06" count="3"/>
        <line num="44" type="stmt" count="3"/>
        <line num="45" type="stmt" count="0"/>
        <line num="48" type="stmt" count="3"/>
        <line num="50" type="stmt" count="3"/>
        <line num="62" type="method" name="anonymous function" crap="2.06" count="1"/>
        <line num="64" type="stmt" count="1"/>
        <line num="65" type="stmt" count="1"/>
        <line num="68" type="stmt" count="0"/>
        <line num="69" type="stmt" count="1"/>
        <line num="71" type="stmt" count="1"/>
        <metrics loc="73" ncloc="44" classes="1" methods="3" coveredmethods="1" conditionals="0" coveredconditionals="0" statements="12" coveredstatements="10" elements="15" coveredelements="11"/>
      </file>
    </package>
    <package name="StaticReview\Command">
      <file name="/Users/Samuel/Repositories/Personal/StaticReview/src/Command/HookLinkCommand.php">
        <class name="HookLinkCommand" namespace="StaticReview\Command">
          <metrics methods="2" coveredmethods="0" conditionals="0" coveredconditionals="0" statements="14" coveredstatements="0" elements="16" coveredelements="0"/>
        </class>
        <line num="11" type="stmt" count="0"/>
        <line num="23" type="method" name="configure" crap="2" count="0"/>
        <line num="24" type="stmt" count="0"/>
        <line num="25" type="stmt" count="0"/>
        <line num="27" type="stmt" count="0"/>
        <line num="29" type="stmt" count="0"/>
        <line num="30" type="stmt" count="0"/>
        <line num="31" type="stmt" count="0"/>
        <line num="33" type="method" name="execute" crap="12" count="0"/>
        <line num="34" type="stmt" count="0"/>
        <line num="35" type="stmt" count="0"/>
        <line num="37" type="stmt" count="0"/>
        <line num="39" type="stmt" count="0"/>
        <line num="40" type="stmt" count="0"/>
        <line num="41" type="stmt" count="0"/>
        <line num="42" type="stmt" count="0"/>
        <line num="43" type="stmt" count="0"/>
        <metrics loc="44" ncloc="34" classes="1" methods="2" coveredmethods="0" conditionals="0" coveredconditionals="0" statements="15" coveredstatements="0" elements="17" coveredelements="0"/>
      </file>
      <file name="/Users/Samuel/Repositories/Personal/StaticReview/src/Command/HookListCommand.php">
        <class name="HookListCommand" namespace="StaticReview\Command">
          <metrics methods="2" coveredmethods="0" conditionals="0" coveredconditionals="0" statements="16" coveredstatements="0" elements="18" coveredelements="0"/>
        </class>
        <line num="11" type="stmt" count="0"/>
        <line num="23" type="method" name="configure" crap="2" count="0"/>
        <line num="24" type="stmt" count="0"/>
        <line num="25" type="stmt" count="0"/>
        <line num="27" type="stmt" count="0"/>
        <line num="28" type="stmt" count="0"/>
        <line num="30" type="method" name="execute" crap="20" count="0"/>
        <line num="31" type="stmt" count="0"/>
        <line num="32" type="stmt" count="0"/>
        <line num="34" type="stmt" count="0"/>
        <line num="36" type="stmt" count="0"/>
        <line num="37" type="stmt" count="0"/>
        <line num="38" type="stmt" count="0"/>
        <line num="39" type="stmt" count="0"/>
        <line num="40" type="stmt" count="0"/>
        <line num="41" type="stmt" count="0"/>
        <line num="43" type="stmt" count="0"/>
        <line num="44" type="stmt" count="0"/>
        <line num="45" type="stmt" count="0"/>
        <metrics loc="46" ncloc="36" classes="1" methods="2" coveredmethods="0" conditionals="0" coveredconditionals="0" statements="17" coveredstatements="0" elements="19" coveredelements="0"/>
      </file>
      <file name="/Users/Samuel/Repositories/Personal/StaticReview/src/Command/HookRunCommand.php">
        <class name="HookRunCommand" namespace="StaticReview\Command">
          <metrics methods="3" coveredmethods="0" conditionals="0" coveredconditionals="0" statements="13" coveredstatements="0" elements="16" coveredelements="0"/>
        </class>
        <line num="11" type="stmt" count="0"/>
        <line num="24" type="method" name="configure" crap="2" count="0"/>
        <line num="25" type="stmt" count="0"/>
        <line num="26" type="stmt" count="0"/>
        <line num="28" type="stmt" count="0"/>
        <line num="30" type="stmt" count="0"/>
        <line num="31" type="stmt" count="0"/>
        <line num="33" type="method" name="execute" crap="6" count="0"/>
        <line num="34" type="stmt" count="0"/>
        <line num="35" type="stmt" count="0"/>
        <line num="37" type="stmt" count="0"/>
        <line num="39" type="stmt" count="0"/>
        <line num="40" type="stmt" count="0"/>
        <line num="42" type="stmt" count="0"/>
        <line num="44" type="method" name="anonymous function" crap="2" count="0"/>
        <line num="45" type="stmt" count="0"/>
        <line num="46" type="stmt" count="0"/>
        <line num="47" type="stmt" count="0"/>
        <line num="48" type="stmt" count="0"/>
        <metrics loc="49" ncloc="39" classes="1" methods="3" coveredmethods="0" conditionals="0" coveredconditionals="0" statements="16" coveredstatements="0" elements="19" coveredelements="0"/>
      </file>
    </package>
    <package name="StaticReview\File">
      <file name="/Users/Samuel/Repositories/Personal/StaticReview/src/File/File.php">
        <class name="File" namespace="StaticReview\File">
          <metrics methods="7" coveredmethods="7" conditionals="0" coveredconditionals="0" statements="21" coveredstatements="21" elements="28" coveredelements="28"/>
        </class>
        <line num="49" type="method" name="__construct" crap="1" count="7"/>
        <line num="51" type="stmt" count="7"/>
        <line num="52" type="stmt" count="7"/>
        <line num="53" type="stmt" count="7"/>
        <line num="54" type="stmt" count="7"/>
        <line num="61" type="method" name="getFileName" crap="1" count="1"/>
        <line num="63" type="stmt" count="1"/>
        <line num="71" type="method" name="getRelativeFileLocation" crap="1" count="1"/>
        <line num="73" type="stmt" count="1"/>
        <line num="81" type="method" name="getFileLocation" crap="1" count="1"/>
        <line num="83" type="stmt" count="1"/>
        <line num="91" type="method" name="getExtension" crap="1" count="1"/>
        <line num="93" type="stmt" count="1"/>
        <line num="101" type="method" name="getStatus" crap="1" count="1"/>
        <line num="103" type="stmt" count="1"/>
        <line num="113" type="method" name="getFormattedStatus" crap="5" count="2"/>
        <line num="115" type="stmt" count="2"/>
        <line num="116" type="stmt" count="2"/>
        <line num="117" type="stmt" count="1"/>
        <line num="118" type="stmt" count="2"/>
        <line num="119" type="stmt" count="1"/>
        <line num="120" type="stmt" count="2"/>
        <line num="121" type="stmt" count="1"/>
        <line num="122" type="stmt" count="2"/>
        <line num="123" type="stmt" count="1"/>
        <line num="124" type="stmt" count="1"/>
        <line num="125" type="stmt" count="1"/>
        <line num="126" type="stmt" count="1"/>
        <metrics loc="128" ncloc="70" classes="1" methods="7" coveredmethods="7" conditionals="0" coveredconditionals="0" statements="21" coveredstatements="21" elements="28" coveredelements="28"/>
      </file>
    </package>
    <file name="/Users/Samuel/Repositories/Personal/StaticReview/src/File/FileInterface.php">
      <line num="11" type="stmt" count="0"/>
      <metrics loc="28" ncloc="18" classes="0" methods="0" coveredmethods="0" conditionals="0" coveredconditionals="0" statements="1" coveredstatements="0" elements="1" coveredelements="0"/>
    </file>
    <package name="StaticReview">
      <file name="/Users/Samuel/Repositories/Personal/StaticReview/src/Helper.php">
        <class name="Helper" namespace="StaticReview">
          <metrics methods="3" coveredmethods="0" conditionals="0" coveredconditionals="0" statements="25" coveredstatements="6" elements="28" coveredelements="6"/>
        </class>
        <line num="43" type="method" name="getGitStagedFiles" crap="6" count="0"/>
        <line num="45" type="stmt" count="0"/>
        <line num="47" type="stmt" count="0"/>
        <line num="48" type="stmt" count="0"/>
        <line num="50" type="stmt" count="0"/>
        <line num="52" type="stmt" count="0"/>
        <line num="53" type="stmt" count="0"/>
        <line num="55" type="stmt" count="0"/>
        <line num="57" type="stmt" count="0"/>
        <line num="58" type="stmt" count="0"/>
        <line num="59" type="stmt" count="0"/>
        <line num="60" type="stmt" count="0"/>
        <line num="62" type="stmt" count="0"/>
        <line num="73" type="method" name="getColourString" crap="2.15" count="1"/>
        <line num="75" type="stmt" count="1"/>
        <line num="78" type="stmt" count="1"/>
        <line num="79" type="stmt" count="0"/>
        <line num="80" type="stmt" count="0"/>
        <line num="83" type="stmt" count="1"/>
        <line num="85" type="stmt" count="1"/>
        <line num="94" type="method" name="getIssueColour" crap="9.83" count="1"/>
        <line num="97" type="stmt" count="1"/>
        <line num="98" type="stmt" count="1"/>
        <line num="100" type="stmt" count="0"/>
        <line num="101" type="stmt" count="0"/>
        <line num="103" type="stmt" count="0"/>
        <line num="104" type="stmt" count="0"/>
        <line num="106" type="stmt" count="0"/>
        <metrics loc="107" ncloc="66" classes="1" methods="3" coveredmethods="0" conditionals="0" coveredconditionals="0" statements="25" coveredstatements="6" elements="28" coveredelements="6"/>
      </file>
      <file name="/Users/Samuel/Repositories/Personal/StaticReview/src/StaticReview.php">
        <class name="StaticReview" namespace="StaticReview">
          <metrics methods="7" coveredmethods="7" conditionals="0" coveredconditionals="0" statements="20" coveredstatements="20" elements="27" coveredelements="27"/>
        </class>
        <line num="37" type="method" name="__construct" crap="1" count="6"/>
        <line num="39" type="stmt" count="6"/>
        <line num="41" type="stmt" count="6"/>
        <line num="42" type="stmt" count="6"/>
        <line num="49" type="method" name="getReporter" crap="1" count="3"/>
        <line num="51" type="stmt" count="3"/>
        <line num="60" type="method" name="setReporter" crap="1" count="6"/>
        <line num="62" type="stmt" count="6"/>
        <line num="64" type="stmt" count="6"/>
        <line num="72" type="method" name="getReviews" crap="1" count="4"/>
        <line num="74" type="stmt" count="4"/>
        <line num="83" type="method" name="addReview" crap="1" count="2"/>
        <line num="85" type="stmt" count="2"/>
        <line num="87" type="stmt" count="2"/>
        <line num="96" type="method" name="addReviews" crap="2" count="2"/>
        <line num="98" type="stmt" count="2"/>
        <line num="99" type="stmt" count="2"/>
        <line num="100" type="stmt" count="2"/>
        <line num="102" type="stmt" count="2"/>
        <line num="110" type="method" name="review" crap="3" count="1"/>
        <line num="112" type="stmt" count="1"/>
        <line num="114" type="stmt" count="1"/>
        <line num="116" type="stmt" count="1"/>
        <line num="117" type="stmt" count="1"/>
        <line num="118" type="stmt" count="1"/>
        <line num="120" type="stmt" count="1"/>
        <line num="122" type="stmt" count="1"/>
        <metrics loc="124" ncloc="70" classes="1" methods="7" coveredmethods="7" conditionals="0" coveredconditionals="0" statements="20" coveredstatements="20" elements="27" coveredelements="27"/>
      </file>
    </package>
    <package name="StaticReview\Issue">
      <file name="/Users/Samuel/Repositories/Personal/StaticReview/src/Issue/Issue.php">
        <class name="Issue" namespace="StaticReview\Issue">
          <metrics methods="8" coveredmethods="8" conditionals="0" coveredconditionals="0" statements="28" coveredstatements="28" elements="36" coveredelements="36"/>
        </class>
        <line num="45" type="method" name="__construct" crap="1" count="14"/>
        <line num="51" type="stmt" count="14"/>
        <line num="52" type="stmt" count="14"/>
        <line num="53" type="stmt" count="14"/>
        <line num="54" type="stmt" count="14"/>
        <line num="55" type="stmt" count="14"/>
        <line num="60" type="method" name="getLevel" crap="1" count="8"/>
        <line num="62" type="stmt" count="8"/>
        <line num="68" type="method" name="getMessage" crap="1" count="3"/>
        <line num="70" type="stmt" count="3"/>
        <line num="76" type="method" name="getReviewName" crap="1" count="2"/>
        <line num="78" type="stmt" count="2"/>
        <line num="80" type="stmt" count="2"/>
        <line num="86" type="method" name="getFile" crap="1" count="2"/>
        <line num="88" type="stmt" count="2"/>
        <line num="94" type="method" name="getLevelName" crap="4" count="3"/>
        <line num="96" type="stmt" count="3"/>
        <line num="97" type="stmt" count="3"/>
        <line num="98" type="stmt" count="2"/>
        <line num="100" type="stmt" count="2"/>
        <line num="101" type="stmt" count="1"/>
        <line num="103" type="stmt" count="2"/>
        <line num="104" type="stmt" count="1"/>
        <line num="106" type="stmt" count="1"/>
        <line num="107" type="stmt" count="1"/>
        <line num="108" type="stmt" count="1"/>
        <line num="116" type="method" name="matches" crap="1" count="1"/>
        <line num="118" type="stmt" count="1"/>
        <line num="120" type="stmt" count="1"/>
        <line num="126" type="method" name="__toString" crap="1" count="1"/>
        <line num="128" type="stmt" count="1"/>
        <line num="129" type="stmt" count="1"/>
        <line num="130" type="stmt" count="1"/>
        <line num="131" type="stmt" count="1"/>
        <line num="132" type="stmt" count="1"/>
        <line num="133" type="stmt" count="1"/>
        <metrics loc="135" ncloc="91" classes="1" methods="8" coveredmethods="8" conditionals="0" coveredconditionals="0" statements="28" coveredstatements="28" elements="36" coveredelements="36"/>
      </file>
    </package>
    <file name="/Users/Samuel/Repositories/Personal/StaticReview/src/Issue/IssueInterface.php">
      <line num="11" type="stmt" count="0"/>
      <metrics loc="24" ncloc="14" classes="0" methods="0" coveredmethods="0" conditionals="0" coveredconditionals="0" statements="1" coveredstatements="0" elements="1" coveredelements="0"/>
    </file>
    <package name="StaticReview\Reporter">
      <file name="/Users/Samuel/Repositories/Personal/StaticReview/src/Reporter/Reporter.php">
        <class name="Reporter" namespace="StaticReview\Reporter">
          <metrics methods="8" coveredmethods="7" conditionals="0" coveredconditionals="0" statements="16" coveredstatements="13" elements="24" coveredelements="20"/>
        </class>
        <line num="31" type="method" name="__construct" crap="1" count="7"/>
        <line num="33" type="stmt" count="7"/>
        <line num="34" type="stmt" count="7"/>
        <line num="36" type="method" name="progress" crap="2" count="0"/>
        <line num="38" type="stmt" count="0"/>
        <line num="40" type="stmt" count="0"/>
        <line num="41" type="stmt" count="0"/>
        <line num="52" type="method" name="report" crap="1" count="6"/>
        <line num="54" type="stmt" count="6"/>
        <line num="56" type="stmt" count="6"/>
        <line num="58" type="stmt" count="6"/>
        <line num="69" type="method" name="info" crap="1" count="3"/>
        <line num="71" type="stmt" count="3"/>
        <line num="73" type="stmt" count="3"/>
        <line num="84" type="method" name="warning" crap="1" count="2"/>
        <line num="86" type="stmt" count="2"/>
        <line num="88" type="stmt" count="2"/>
        <line num="99" type="method" name="error" crap="1" count="2"/>
        <line num="101" type="stmt" count="2"/>
        <line num="103" type="stmt" count="2"/>
        <line num="111" type="method" name="hasIssues" crap="1" count="2"/>
        <line num="113" type="stmt" count="2"/>
        <line num="121" type="method" name="getIssues" crap="1" count="5"/>
        <line num="123" type="stmt" count="5"/>
        <metrics loc="125" ncloc="66" classes="1" methods="8" coveredmethods="7" conditionals="0" coveredconditionals="0" statements="16" coveredstatements="13" elements="24" coveredelements="20"/>
      </file>
    </package>
    <file name="/Users/Samuel/Repositories/Personal/StaticReview/src/Reporter/ReporterInterface.php">
      <line num="11" type="stmt" count="0"/>
      <metrics loc="31" ncloc="21" classes="0" methods="0" coveredmethods="0" conditionals="0" coveredconditionals="0" statements="1" coveredstatements="0" elements="1" coveredelements="0"/>
    </file>
    <package name="StaticReview\Review">
      <file name="/Users/Samuel/Repositories/Personal/StaticReview/src/Review/AbstractReview.php">
        <class name="AbstractReview" namespace="StaticReview\Review">
          <metrics methods="1" coveredmethods="0" conditionals="0" coveredconditionals="0" statements="1" coveredstatements="0" elements="2" coveredelements="0"/>
        </class>
        <line num="31" type="method" name="getProcess" crap="2" count="0"/>
        <line num="39" type="stmt" count="0"/>
        <metrics loc="41" ncloc="21" classes="1" methods="1" coveredmethods="0" conditionals="0" coveredconditionals="0" statements="1" coveredstatements="0" elements="2" coveredelements="0"/>
      </file>
    </package>
    <package name="StaticReview\Review\General">
      <file name="/Users/Samuel/Repositories/Personal/StaticReview/src/Review/General/LineEndingsReview.php">
        <class name="LineEndingsReview" namespace="StaticReview\Review\General">
          <metrics methods="2" coveredmethods="2" conditionals="0" coveredconditionals="0" statements="11" coveredstatements="11" elements="13" coveredelements="13"/>
        </class>
        <line num="31" type="method" name="canReview" crap="1" count="1"/>
        <line num="34" type="stmt" count="1"/>
        <line num="36" type="stmt" count="1"/>
        <line num="39" type="stmt" count="1"/>
        <line num="47" type="method" name="review" crap="2" count="1"/>
        <line num="49" type="stmt" count="1"/>
        <line num="51" type="stmt" count="1"/>
        <line num="52" type="stmt" count="1"/>
        <line num="54" type="stmt" count="1"/>
        <line num="56" type="stmt" count="1"/>
        <line num="57" type="stmt" count="1"/>
        <line num="59" type="stmt" count="1"/>
        <line num="60" type="stmt" count="1"/>
        <metrics loc="61" ncloc="34" classes="1" methods="2" coveredmethods="2" conditionals="0" coveredconditionals="0" statements="11" coveredstatements="11" elements="13" coveredelements="13"/>
      </file>
      <file name="/Users/Samuel/Repositories/Personal/StaticReview/src/Review/General/NoCommitTagReview.php">
        <class name="NoCommitTagReview" namespace="StaticReview\Review\General">
          <metrics methods="2" coveredmethods="2" conditionals="0" coveredconditionals="0" statements="11" coveredstatements="11" elements="13" coveredelements="13"/>
        </class>
        <line num="31" type="method" name="canReview" crap="1" count="1"/>
        <line num="34" type="stmt" count="1"/>
        <line num="36" type="stmt" count="1"/>
        <line num="39" type="stmt" count="1"/>
        <line num="47" type="method" name="review" crap="2" count="1"/>
        <line num="49" type="stmt" count="1"/>
        <line num="51" type="stmt" count="1"/>
        <line num="52" type="stmt" count="1"/>
        <line num="54" type="stmt" count="1"/>
        <line num="56" type="stmt" count="1"/>
        <line num="57" type="stmt" count="1"/>
        <line num="59" type="stmt" count="1"/>
        <line num="60" type="stmt" count="1"/>
        <metrics loc="61" ncloc="34" classes="1" methods="2" coveredmethods="2" conditionals="0" coveredconditionals="0" statements="11" coveredstatements="11" elements="13" coveredelements="13"/>
      </file>
    </package>
    <package name="StaticReview\Review\PHP">
      <file name="/Users/Samuel/Repositories/Personal/StaticReview/src/Review/PHP/PhpLeadingLineReview.php">
        <class name="PhpLeadingLineReview" namespace="StaticReview\Review\PHP">
          <metrics methods="2" coveredmethods="2" conditionals="0" coveredconditionals="0" statements="9" coveredstatements="9" elements="11" coveredelements="11"/>
        </class>
        <line num="30" type="method" name="canReview" crap="1" count="1"/>
        <line num="32" type="stmt" count="1"/>
        <line num="41" type="method" name="review" crap="2" count="3"/>
        <line num="43" type="stmt" count="3"/>
        <line num="45" type="stmt" count="3"/>
        <line num="46" type="stmt" count="3"/>
        <line num="48" type="stmt" count="3"/>
        <line num="50" type="stmt" count="1"/>
        <line num="51" type="stmt" count="1"/>
        <line num="53" type="stmt" count="1"/>
        <line num="54" type="stmt" count="3"/>
        <metrics loc="55" ncloc="33" classes="1" methods="2" coveredmethods="2" conditionals="0" coveredconditionals="0" statements="9" coveredstatements="9" elements="11" coveredelements="11"/>
      </file>
      <file name="/Users/Samuel/Repositories/Personal/StaticReview/src/Review/PHP/PhpLintReview.php">
        <class name="PhpLintReview" namespace="StaticReview\Review\PHP">
          <metrics methods="2" coveredmethods="2" conditionals="0" coveredconditionals="0" statements="16" coveredstatements="16" elements="18" coveredelements="18"/>
        </class>
        <line num="27" type="method" name="canReview" crap="1" count="1"/>
        <line num="30" type="stmt" count="1"/>
        <line num="32" type="stmt" count="1"/>
        <line num="35" type="stmt" count="1"/>
        <line num="41" type="method" name="review" crap="3" count="1"/>
        <line num="43" type="stmt" count="1"/>
        <line num="45" type="stmt" count="1"/>
        <line num="46" type="stmt" count="1"/>
        <line num="49" type="stmt" count="1"/>
        <line num="51" type="stmt" count="1"/>
        <line num="53" type="stmt" count="1"/>
        <line num="55" type="stmt" count="1"/>
        <line num="56" type="stmt" count="1"/>
        <line num="57" type="stmt" count="1"/>
        <line num="58" type="stmt" count="1"/>
        <line num="59" type="stmt" count="1"/>
        <line num="61" type="stmt" count="1"/>
        <line num="62" type="stmt" count="1"/>
        <metrics loc="63" ncloc="38" classes="1" methods="2" coveredmethods="2" conditionals="0" coveredconditionals="0" statements="16" coveredstatements="16" elements="18" coveredelements="18"/>
      </file>
    </package>
    <file name="/Users/Samuel/Repositories/Personal/StaticReview/src/Review/ReviewInterface.php">
      <line num="11" type="stmt" count="0"/>
      <metrics loc="23" ncloc="13" classes="0" methods="0" coveredmethods="0" conditionals="0" coveredconditionals="0" statements="1" coveredstatements="0" elements="1" coveredelements="0"/>
    </file>
    <metrics files="21" loc="1456" ncloc="883" classes="17" methods="66" coveredmethods="48" conditionals="0" coveredconditionals="0" statements="257" coveredstatements="172" elements="323" coveredelements="220"/>
  </project>
</coverage>
